build/app/intermediates/manifest_merge_blame_file/release/manifest-merger-blame-release-report.txt
1<?xml version="1.0" encoding="utf-8"?>
2<manifest xmlns:android="http://schemas.android.com/apk/res/android"
3    package="com.muliatech.smartqueue"
4    android:versionCode="4"
5    android:versionName="1.0.0" >
6
7    <uses-sdk
8        android:minSdkVersion="21"
8-->src\main\AndroidManifest.xml
9        android:targetSdkVersion="33" />
9-->src\main\AndroidManifest.xml
10    <!--
11         io.flutter.app.FlutterApplication is an android.app.Application that
12         calls FlutterMain.startInitialization(this); in its onCreate method.
13         In most cases you can leave this as-is, but you if you want to provide
14         additional functionality it is fine to subclass or reimplement
15         FlutterApplication and put your custom class here.
16    -->
17    <uses-permission android:name="android.permission.INTERNET" />
17-->src\main\AndroidManifest.xml:8:5-67
17-->src\main\AndroidManifest.xml:8:22-64
18    <uses-permission android:name="android.permission.CAMERA" />
18-->src\main\AndroidManifest.xml:9:5-65
18-->src\main\AndroidManifest.xml:9:22-62
19
20    <uses-feature
20-->src\main\AndroidManifest.xml:10:5-86
21        android:name="android.permission.CAMERA"
21-->src\main\AndroidManifest.xml:10:19-59
22        android:required="false" />
22-->src\main\AndroidManifest.xml:10:60-84
23
24    <uses-permission android:name="android.permission.RECEIVE_BOOT_COMPLETED" />
24-->src\main\AndroidManifest.xml:12:5-81
24-->src\main\AndroidManifest.xml:12:22-78
25    <uses-permission android:name="android.permission.VIBRATE" />
25-->src\main\AndroidManifest.xml:13:5-66
25-->src\main\AndroidManifest.xml:13:22-63
26
27    <queries>
27-->src\main\AndroidManifest.xml:16:5-20:15
28        <intent>
28-->src\main\AndroidManifest.xml:17:7-19:16
29            <action android:name="android.intent.action.TTS_SERVICE" />
29-->src\main\AndroidManifest.xml:18:9-68
29-->src\main\AndroidManifest.xml:18:17-65
30        </intent>
31    </queries>
32
33    <uses-permission android:name="android.permission.POST_NOTIFICATIONS" />
33-->[:flutter_local_notifications] AndroidManifest.xml:10:5-77
33-->[:flutter_local_notifications] AndroidManifest.xml:10:22-74
34
35    <permission
35-->[androidx.core:core:1.10.1] AndroidManifest.xml:22:5-24:47
36        android:name="com.muliatech.smartqueue.DYNAMIC_RECEIVER_NOT_EXPORTED_PERMISSION"
36-->[androidx.core:core:1.10.1] AndroidManifest.xml:23:9-81
37        android:protectionLevel="signature" />
37-->[androidx.core:core:1.10.1] AndroidManifest.xml:24:9-44
38
39    <uses-permission android:name="com.muliatech.smartqueue.DYNAMIC_RECEIVER_NOT_EXPORTED_PERMISSION" />
39-->[androidx.core:core:1.10.1] AndroidManifest.xml:26:5-97
39-->[androidx.core:core:1.10.1] AndroidManifest.xml:26:22-94
40
41    <application
41-->src\main\AndroidManifest.xml:22:5-69:19
42        android:appComponentFactory="androidx.core.app.CoreComponentFactory"
42-->[androidx.core:core:1.10.1] AndroidManifest.xml:28:18-86
43        android:icon="@mipmap/launcher_icon"
43-->src\main\AndroidManifest.xml:24:9-45
44        android:label="Guichet Bi" >
44-->src\main\AndroidManifest.xml:23:9-35
45        <meta-data
45-->src\main\AndroidManifest.xml:26:10-28:32
46            android:name="io.flutter.embedding.android.EnableHybridComposition"
46-->src\main\AndroidManifest.xml:27:9-76
47            android:value="true" />
47-->src\main\AndroidManifest.xml:28:9-29
48        <meta-data
48-->src\main\AndroidManifest.xml:30:10-32:67
49            android:name="com.google.android.notifications.default_notification_channel_id"
49-->src\main\AndroidManifest.xml:31:9-88
50            android:value="@string/default_notification_channel_id" />
50-->src\main\AndroidManifest.xml:32:9-64
51
52        <activity
52-->src\main\AndroidManifest.xml:34:9-63:20
53            android:name="com.muliatech.smartqueue.MainActivity"
53-->src\main\AndroidManifest.xml:35:13-41
54            android:configChanges="orientation|keyboardHidden|keyboard|screenSize|smallestScreenSize|locale|layoutDirection|fontScale|screenLayout|density|uiMode"
54-->src\main\AndroidManifest.xml:38:13-163
55            android:exported="true"
55-->src\main\AndroidManifest.xml:41:13-36
56            android:hardwareAccelerated="true"
56-->src\main\AndroidManifest.xml:39:13-47
57            android:launchMode="singleTop"
57-->src\main\AndroidManifest.xml:36:13-43
58            android:theme="@style/LaunchTheme"
58-->src\main\AndroidManifest.xml:37:13-47
59            android:windowSoftInputMode="adjustResize" >
59-->src\main\AndroidManifest.xml:40:13-55
60
61            <!--
62                 Specifies an Android theme to apply to this Activity as soon as
63                 the Android process has started. This theme is visible to the user
64                 while the Flutter UI initializes. After that, this theme continues
65                 to determine the Window background behind the Flutter UI.
66            -->
67            <meta-data
67-->src\main\AndroidManifest.xml:46:13-49:17
68                android:name="io.flutter.embedding.android.NormalTheme"
68-->src\main\AndroidManifest.xml:47:15-70
69                android:resource="@style/NormalTheme" />
69-->src\main\AndroidManifest.xml:48:15-52
70            <!--
71                 Displays an Android View that continues showing the launch screen
72                 Drawable until Flutter paints its first frame, then this splash
73                 screen fades out. A splash screen is useful to avoid any visual
74                 gap between the end of Android's launch screen and the painting of
75                 Flutter's first frame.
76            -->
77            <meta-data
77-->src\main\AndroidManifest.xml:55:13-58:17
78                android:name="io.flutter.embedding.android.SplashScreenDrawable"
78-->src\main\AndroidManifest.xml:56:15-79
79                android:resource="@drawable/launch_background" />
79-->src\main\AndroidManifest.xml:57:15-61
80
81            <intent-filter>
81-->src\main\AndroidManifest.xml:59:13-62:29
82                <action android:name="android.intent.action.MAIN" />
82-->src\main\AndroidManifest.xml:60:17-68
82-->src\main\AndroidManifest.xml:60:25-66
83
84                <category android:name="android.intent.category.LAUNCHER" />
84-->src\main\AndroidManifest.xml:61:17-76
84-->src\main\AndroidManifest.xml:61:27-74
85            </intent-filter>
86        </activity>
87        <!--
88             Don't delete the meta-data below.
89             This is used by the Flutter tool to generate GeneratedPluginRegistrant.java
90        -->
91        <meta-data
91-->src\main\AndroidManifest.xml:66:9-68:33
92            android:name="flutterEmbedding"
92-->src\main\AndroidManifest.xml:67:13-44
93            android:value="2" />
93-->src\main\AndroidManifest.xml:68:13-30
94
95        <activity android:name="de.mintware.barcode_scan.BarcodeScannerActivity" />
95-->[:barcode_scan2] AndroidManifest.xml:12:9-84
95-->[:barcode_scan2] AndroidManifest.xml:12:19-81
96        <activity
96-->[:url_launcher_android] AndroidManifest.xml:10:9-13:74
97            android:name="io.flutter.plugins.urllauncher.WebViewActivity"
97-->[:url_launcher_android] AndroidManifest.xml:11:13-74
98            android:exported="false"
98-->[:url_launcher_android] AndroidManifest.xml:12:13-37
99            android:theme="@android:style/Theme.NoTitleBar.Fullscreen" />
99-->[:url_launcher_android] AndroidManifest.xml:13:13-71
100
101        <uses-library
101-->[androidx.window:window:1.0.0-beta04] AndroidManifest.xml:25:9-27:40
102            android:name="androidx.window.extensions"
102-->[androidx.window:window:1.0.0-beta04] AndroidManifest.xml:26:13-54
103            android:required="false" />
103-->[androidx.window:window:1.0.0-beta04] AndroidManifest.xml:27:13-37
104        <uses-library
104-->[androidx.window:window:1.0.0-beta04] AndroidManifest.xml:28:9-30:40
105            android:name="androidx.window.sidecar"
105-->[androidx.window:window:1.0.0-beta04] AndroidManifest.xml:29:13-51
106            android:required="false" />
106-->[androidx.window:window:1.0.0-beta04] AndroidManifest.xml:30:13-37
107    </application>
108
109</manifest>